This is pdfTeX, Version 3.14159265-2.6-1.40.19 (TeX Live 2019/dev/Debian) (preloaded format=pdflatex 2019.5.14)  23 MAY 2019 22:24
entering extended mode
 restricted \write18 enabled.
 file:line:error style messages enabled.
 %&-line parsing enabled.
**report.tex
(./report.tex
LaTeX2e <2018-12-01>
(/usr/share/texlive/texmf-dist/tex/latex/base/article.cls
Document Class: article 2018/09/03 v1.4i Standard LaTeX document class
(/usr/share/texlive/texmf-dist/tex/latex/base/size10.clo
File: size10.clo 2018/09/03 v1.4i Standard LaTeX file (size option)
)
\c@part=\count80
\c@section=\count81
\c@subsection=\count82
\c@subsubsection=\count83
\c@paragraph=\count84
\c@subparagraph=\count85
\c@figure=\count86
\c@table=\count87
\abovecaptionskip=\skip41
\belowcaptionskip=\skip42
\bibindent=\dimen102
)
(/usr/share/texlive/texmf-dist/tex/latex/base/inputenc.sty
Package: inputenc 2018/08/11 v1.3c Input encoding file
\inpenc@prehook=\toks14
\inpenc@posthook=\toks15
)
(/usr/share/texlive/texmf-dist/tex/latex/listings/listings.sty
(/usr/share/texlive/texmf-dist/tex/latex/graphics/keyval.sty
Package: keyval 2014/10/28 v1.15 key=value parser (DPC)
\KV@toks@=\toks16
)
\lst@mode=\count88
\lst@gtempboxa=\box27
\lst@token=\toks17
\lst@length=\count89
\lst@currlwidth=\dimen103
\lst@column=\count90
\lst@pos=\count91
\lst@lostspace=\dimen104
\lst@width=\dimen105
\lst@newlines=\count92
\lst@lineno=\count93
\lst@maxwidth=\dimen106

(/usr/share/texlive/texmf-dist/tex/latex/listings/lstmisc.sty
File: lstmisc.sty 2018/09/02 1.7 (Carsten Heinz)
\c@lstnumber=\count94
\lst@skipnumbers=\count95
\lst@framebox=\box28
)
(/usr/share/texlive/texmf-dist/tex/latex/listings/listings.cfg
File: listings.cfg 2018/09/02 1.7 listings configuration
))
Package: listings 2018/09/02 1.7 (Carsten Heinz)

(/usr/share/texlive/texmf-dist/tex/latex/natbib/natbib.sty
Package: natbib 2010/09/13 8.31b (PWD, AO)
\bibhang=\skip43
\bibsep=\skip44
LaTeX Info: Redefining \cite on input line 694.
\c@NAT@ctr=\count96
)
(/usr/share/texlive/texmf-dist/tex/latex/graphics/graphicx.sty
Package: graphicx 2017/06/01 v1.1a Enhanced LaTeX Graphics (DPC,SPQR)

(/usr/share/texlive/texmf-dist/tex/latex/graphics/graphics.sty
Package: graphics 2017/06/25 v1.2c Standard LaTeX Graphics (DPC,SPQR)

(/usr/share/texlive/texmf-dist/tex/latex/graphics/trig.sty
Package: trig 2016/01/03 v1.10 sin cos tan (DPC)
)
(/usr/share/texlive/texmf-dist/tex/latex/graphics-cfg/graphics.cfg
File: graphics.cfg 2016/06/04 v1.11 sample graphics configuration
)
Package graphics Info: Driver file: pdftex.def on input line 99.

(/usr/share/texlive/texmf-dist/tex/latex/graphics-def/pdftex.def
File: pdftex.def 2018/01/08 v1.0l Graphics/color driver for pdftex
))
\Gin@req@height=\dimen107
\Gin@req@width=\dimen108
)
(./report.aux

LaTeX Warning: Label `fig:otsu-results' multiply defined.

)
\openout1 = `report.aux'.

LaTeX Font Info:    Checking defaults for OML/cmm/m/it on input line 12.
LaTeX Font Info:    ... okay on input line 12.
LaTeX Font Info:    Checking defaults for T1/cmr/m/n on input line 12.
LaTeX Font Info:    ... okay on input line 12.
LaTeX Font Info:    Checking defaults for OT1/cmr/m/n on input line 12.
LaTeX Font Info:    ... okay on input line 12.
LaTeX Font Info:    Checking defaults for OMS/cmsy/m/n on input line 12.
LaTeX Font Info:    ... okay on input line 12.
LaTeX Font Info:    Checking defaults for OMX/cmex/m/n on input line 12.
LaTeX Font Info:    ... okay on input line 12.
LaTeX Font Info:    Checking defaults for U/cmr/m/n on input line 12.
LaTeX Font Info:    ... okay on input line 12.
\c@lstlisting=\count97
 (/usr/share/texlive/texmf-dist/tex/context/base/mkii/supp-pdf.mkii
[Loading MPS to PDF converter (version 2006.09.02).]
\scratchcounter=\count98
\scratchdimen=\dimen109
\scratchbox=\box29
\nofMPsegments=\count99
\nofMParguments=\count100
\everyMPshowfont=\toks18
\MPscratchCnt=\count101
\MPscratchDim=\dimen110
\MPnumerator=\count102
\makeMPintoPDFobject=\count103
\everyMPtoPDFconversion=\toks19
) (/usr/share/texlive/texmf-dist/tex/latex/oberdiek/epstopdf-base.sty
Package: epstopdf-base 2016/05/15 v2.6 Base part for package epstopdf

(/usr/share/texlive/texmf-dist/tex/generic/oberdiek/infwarerr.sty
Package: infwarerr 2016/05/16 v1.4 Providing info/warning/error messages (HO)
)
(/usr/share/texlive/texmf-dist/tex/latex/oberdiek/grfext.sty
Package: grfext 2016/05/16 v1.2 Manage graphics extensions (HO)

(/usr/share/texlive/texmf-dist/tex/generic/oberdiek/kvdefinekeys.sty
Package: kvdefinekeys 2016/05/16 v1.4 Define keys (HO)

(/usr/share/texlive/texmf-dist/tex/generic/oberdiek/ltxcmds.sty
Package: ltxcmds 2016/05/16 v1.23 LaTeX kernel commands for general use (HO)
)))
(/usr/share/texlive/texmf-dist/tex/latex/oberdiek/kvoptions.sty
Package: kvoptions 2016/05/16 v3.12 Key value format for package options (HO)

(/usr/share/texlive/texmf-dist/tex/generic/oberdiek/kvsetkeys.sty
Package: kvsetkeys 2016/05/16 v1.17 Key value parser (HO)

(/usr/share/texlive/texmf-dist/tex/generic/oberdiek/etexcmds.sty
Package: etexcmds 2016/05/16 v1.6 Avoid name clashes with e-TeX commands (HO)

(/usr/share/texlive/texmf-dist/tex/generic/oberdiek/ifluatex.sty
Package: ifluatex 2016/05/16 v1.4 Provides the ifluatex switch (HO)
Package ifluatex Info: LuaTeX not detected.
))))
(/usr/share/texlive/texmf-dist/tex/generic/oberdiek/pdftexcmds.sty
Package: pdftexcmds 2018/09/10 v0.29 Utility functions of pdfTeX for LuaTeX (HO
)

(/usr/share/texlive/texmf-dist/tex/generic/oberdiek/ifpdf.sty
Package: ifpdf 2018/09/07 v3.3 Provides the ifpdf switch
)
Package pdftexcmds Info: LuaTeX not detected.
Package pdftexcmds Info: \pdf@primitive is available.
Package pdftexcmds Info: \pdf@ifprimitive is available.
Package pdftexcmds Info: \pdfdraftmode found.
)
Package epstopdf-base Info: Redefining graphics rule for `.eps' on input line 4
38.
Package grfext Info: Graphics extension search list:
(grfext)             [.pdf,.png,.jpg,.mps,.jpeg,.jbig2,.jb2,.PDF,.PNG,.JPG,.JPE
G,.JBIG2,.JB2,.eps]
(grfext)             \AppendGraphicsExtensions on input line 456.

(/usr/share/texlive/texmf-dist/tex/latex/latexconfig/epstopdf-sys.cfg
File: epstopdf-sys.cfg 2010/07/13 v1.3 Configuration of (r)epstopdf for TeX Liv
e
))
LaTeX Font Info:    External font `cmex10' loaded for size
(Font)              <12> on input line 14.
LaTeX Font Info:    External font `cmex10' loaded for size
(Font)              <8> on input line 14.
LaTeX Font Info:    External font `cmex10' loaded for size
(Font)              <6> on input line 14.

[1

{/var/lib/texmf/fonts/map/pdftex/updmap/pdftex.map}] (./report.toc
LaTeX Font Info:    External font `cmex10' loaded for size
(Font)              <7> on input line 2.
LaTeX Font Info:    External font `cmex10' loaded for size
(Font)              <5> on input line 2.
)
\tf@toc=\write3
\openout3 = `report.toc'.

 [2

]
<images/kvittering.jpg, id=14, 4047.12pt x 3035.34pt>
File: images/kvittering.jpg Graphic file (type jpg)
<use images/kvittering.jpg>
Package pdftex.def Info: images/kvittering.jpg  used on input line 24.
(pdftex.def)             Requested size: 202.36786pt x 151.7759pt.

Underfull \hbox (badness 10000) in paragraph at lines 35--35
[][]\OT1/cmr/m/n/8 https://www.learnopencv.com/deep-learning-based-text-recogni
tion-ocr-using-tesseract-
 []

[3

 <./images/kvittering.jpg>]
<images/output.png, id=18, 348.30125pt x 319.1925pt>
File: images/output.png Graphic file (type png)
<use images/output.png>
Package pdftex.def Info: images/output.png  used on input line 39.
(pdftex.def)             Requested size: 174.15019pt x 159.59586pt.
<images/test_image_threated.jpg, id=20, 1071.00125pt x 933.4875pt>
File: images/test_image_threated.jpg Graphic file (type jpg)
<use images/test_image_threated.jpg>
Package pdftex.def Info: images/test_image_threated.jpg  used on input line 50.

(pdftex.def)             Requested size: 214.19646pt x 186.69418pt.


LaTeX Warning: `!h' float specifier changed to `!ht'.

[4 <./images/output.png>]
<images/skewed10results.png, id=28, 517.935pt x 506.89375pt>
File: images/skewed10results.png Graphic file (type png)
<use images/skewed10results.png>
Package pdftex.def Info: images/skewed10results.png  used on input line 64.
(pdftex.def)             Requested size: 310.76338pt x 304.1386pt.


LaTeX Warning: `h' float specifier changed to `ht'.

<images/skewed45.jpg, id=29, 4047.12pt x 3035.34pt>
File: images/skewed45.jpg Graphic file (type jpg)
<use images/skewed45.jpg>
Package pdftex.def Info: images/skewed45.jpg  used on input line 72.
(pdftex.def)             Requested size: 202.36786pt x 151.7759pt.

LaTeX Warning: `h' float specifier changed to `ht'.

[5 <./images/test_image_threated.jpg>] [6 <./images/skewed10results.png>]
Overfull \hbox (13.7071pt too wide) in paragraph at lines 88--89
\OT1/cmr/m/n/10 pros-jek-tet. Scikit har funksjoner som $\OML/cmm/m/it/10 hough
[]transform$ \OT1/cmr/m/n/10 og $\OML/cmm/m/it/10 hough[]transform[]peak$
 []

<images/hough-result.png, id=39, 337.26pt x 70.2625pt>
File: images/hough-result.png Graphic file (type png)
<use images/hough-result.png>
Package pdftex.def Info: images/hough-result.png  used on input line 92.
(pdftex.def)             Requested size: 269.80836pt x 56.21005pt.
[7 <./images/skewed45.jpg> <./images/hough-result.png>]
<images/hough-rot-45.jpg, id=45, 6070.68pt x 4047.12pt>
File: images/hough-rot-45.jpg Graphic file (type jpg)
<use images/hough-rot-45.jpg>
Package pdftex.def Info: images/hough-rot-45.jpg  used on input line 105.
(pdftex.def)             Requested size: 303.55179pt x 202.36786pt.
<images/otsu-results.png, id=46, 1456.9632pt x 1581.2676pt>
File: images/otsu-results.png Graphic file (type png)
<use images/otsu-results.png>
Package pdftex.def Info: images/otsu-results.png  used on input line 125.
(pdftex.def)             Requested size: 218.53505pt x 237.1799pt.


LaTeX Warning: `h' float specifier changed to `ht'.

LaTeX Font Info:    Try loading font information for OMS+cmr on input line 132.

(/usr/share/texlive/texmf-dist/tex/latex/base/omscmr.fd
File: omscmr.fd 2014/09/29 v2.5h Standard LaTeX font definitions
)
LaTeX Font Info:    Font shape `OMS/cmr/m/n' in size <10> not available
(Font)              Font shape `OMS/cmsy/m/n' tried instead on input line 132.
 [8 <./images/hough-rot-45.jpg>]
<images/dilation-erosion.png, id=50, 687.56876pt x 239.89626pt>
File: images/dilation-erosion.png Graphic file (type png)
<use images/dilation-erosion.png>
Package pdftex.def Info: images/dilation-erosion.png  used on input line 150.
(pdftex.def)             Requested size: 343.78354pt x 119.94783pt.
 [9 <./images/otsu-results.png>] [10 <./images/dilation-erosion.png>]

LaTeX Warning: Reference `fig:final-res' on page 11 undefined on input line 172
.

<images/final-result.png, id=59, 9106.02pt x 6542.4425pt>
File: images/final-result.png Graphic file (type png)
<use images/final-result.png>
Package pdftex.def Info: images/final-result.png  used on input line 175.
(pdftex.def)             Requested size: 455.32768pt x 327.1413pt.

Overfull \hbox (110.32768pt too wide) in paragraph at lines 175--176
 [][] 
 []

<images/results_text.png, id=60, 312.2064pt x 141.8901pt>
File: images/results_text.png Graphic file (type png)
<use images/results_text.png>
Package pdftex.def Info: images/results_text.png  used on input line 183.
(pdftex.def)             Requested size: 468.30846pt x 212.83461pt.

Overfull \hbox (123.30846pt too wide) in paragraph at lines 183--184
 [][] 
 []


LaTeX Warning: `h' float specifier changed to `ht'.

[11 <./images/final-result.png>] [12 <./images/results_text.png>] (./report.aux
)

LaTeX Warning: There were undefined references.


LaTeX Warning: There were multiply-defined labels.

 ) 
Here is how much of TeX's memory you used:
 3212 strings out of 493978
 45734 string characters out of 6161122
 108676 words of memory out of 5000000
 6882 multiletter control sequences out of 15000+600000
 7895 words of font info for 28 fonts, out of 8000000 for 9000
 350 hyphenation exceptions out of 8191
 41i,8n,32p,993b,233s stack positions out of 5000i,500n,10000p,200000b,80000s
</usr/share/texlive/texmf-dist/fonts/type1/public/amsfonts/cm/cmbx10.pfb></us
r/share/texlive/texmf-dist/fonts/type1/public/amsfonts/cm/cmbx12.pfb></usr/shar
e/texlive/texmf-dist/fonts/type1/public/amsfonts/cm/cmmi10.pfb></usr/share/texl
ive/texmf-dist/fonts/type1/public/amsfonts/cm/cmr10.pfb></usr/share/texlive/tex
mf-dist/fonts/type1/public/amsfonts/cm/cmr12.pfb></usr/share/texlive/texmf-dist
/fonts/type1/public/amsfonts/cm/cmr17.pfb></usr/share/texlive/texmf-dist/fonts/
type1/public/amsfonts/cm/cmr6.pfb></usr/share/texlive/texmf-dist/fonts/type1/pu
blic/amsfonts/cm/cmr7.pfb></usr/share/texlive/texmf-dist/fonts/type1/public/ams
fonts/cm/cmr8.pfb></usr/share/texlive/texmf-dist/fonts/type1/public/amsfonts/cm
/cmsy10.pfb>
Output written on report.pdf (12 pages, 43008399 bytes).
PDF statistics:
 102 PDF objects out of 1000 (max. 8388607)
 59 compressed objects within 1 object stream
 0 named destinations out of 1000 (max. 500000)
 56 words of extra memory for PDF output out of 10000 (max. 10000000)

